\BOOKMARK [0][-]{chapter.1}{\376\377\000\315\000n\000d\000i\000c\000e\000\040\000d\000o\000s\000\040\000C\000o\000m\000p\000o\000n\000e\000n\000t\000e\000s}{}
\BOOKMARK [1][-]{section.1.1}{\376\377\000H\000i\000e\000r\000a\000r\000q\000u\000i\000a\000\040\000d\000e\000\040\000C\000l\000a\000s\000s\000e\000s}{chapter.1}
\BOOKMARK [0][-]{chapter.2}{\376\377\000\315\000n\000d\000i\000c\000e\000\040\000d\000o\000s\000\040\000C\000o\000m\000p\000o\000n\000e\000n\000t\000e\000s}{}
\BOOKMARK [1][-]{section.2.1}{\376\377\000L\000i\000s\000t\000a\000\040\000d\000e\000\040\000C\000o\000m\000p\000o\000n\000e\000n\000t\000e\000s}{chapter.2}
\BOOKMARK [0][-]{chapter.3}{\376\377\000\315\000n\000d\000i\000c\000e\000\040\000d\000o\000s\000\040\000A\000r\000q\000u\000i\000v\000o\000s}{}
\BOOKMARK [1][-]{section.3.1}{\376\377\000L\000i\000s\000t\000a\000\040\000d\000e\000\040\000A\000r\000q\000u\000i\000v\000o\000s}{chapter.3}
\BOOKMARK [0][-]{chapter.4}{\376\377\000C\000l\000a\000s\000s\000e\000s}{}
\BOOKMARK [1][-]{section.4.1}{\376\377\000R\000e\000f\000e\000r\000\352\000n\000c\000i\000a\000\040\000d\000a\000\040\000T\000e\000m\000p\000l\000a\000t\000e\000\040\000d\000e\000\040\000C\000l\000a\000s\000s\000e\000\040\000c\000o\000o\000r\000d\000i\000n\000a\000t\000e\000<\000\040\000\137\000t\000y\000,\000\040\000\137\000r\000e\000a\000l\000T\000y\000\040\000>}{chapter.4}
\BOOKMARK [2][-]{subsection.4.1.1}{\376\377\000D\000e\000s\000c\000r\000i\000\347\000\343\000o\000\040\000D\000e\000t\000a\000l\000h\000a\000d\000a}{section.4.1}
\BOOKMARK [2][-]{subsection.4.1.2}{\376\377\000C\000o\000n\000s\000t\000r\000u\000t\000o\000r\000e\000s\000\040\000\046\000\040\000D\000e\000s\000t\000r\000u\000t\000o\000r\000e\000s}{section.4.1}
\BOOKMARK [3][-]{subsubsection.4.1.2.1}{\376\377\000c\000o\000o\000r\000d\000i\000n\000a\000t\000e}{subsection.4.1.2}
\BOOKMARK [3][-]{subsubsection.4.1.2.2}{\376\377\000c\000o\000o\000r\000d\000i\000n\000a\000t\000e}{subsection.4.1.2}
\BOOKMARK [2][-]{subsection.4.1.3}{\376\377\000M\000\351\000t\000o\000d\000o\000s}{section.4.1}
\BOOKMARK [3][-]{subsubsection.4.1.3.1}{\376\377\000C\000o\000d\000e}{subsection.4.1.3}
\BOOKMARK [3][-]{subsubsection.4.1.3.2}{\376\377\000D\000e\000c\000o\000d\000e}{subsection.4.1.3}
\BOOKMARK [3][-]{subsubsection.4.1.3.3}{\376\377\000D\000e\000c\000o\000d\000e}{subsection.4.1.3}
\BOOKMARK [3][-]{subsubsection.4.1.3.4}{\376\377\000G\000e\000n\000e\000r\000a\000t\000e\000C\000o\000o\000r\000d\000i\000n\000a\000t\000e}{subsection.4.1.3}
\BOOKMARK [3][-]{subsubsection.4.1.3.5}{\376\377\000G\000e\000t\000I\000n\000d\000i\000c\000e}{subsection.4.1.3}
\BOOKMARK [3][-]{subsubsection.4.1.3.6}{\376\377\000G\000e\000t\000I\000n\000t\000e\000r\000v\000a\000l}{subsection.4.1.3}
\BOOKMARK [3][-]{subsubsection.4.1.3.7}{\376\377\000G\000e\000t\000M\000a\000x}{subsection.4.1.3}
\BOOKMARK [3][-]{subsubsection.4.1.3.8}{\376\377\000G\000e\000t\000M\000a\000x\000C\000o\000d\000e\000d}{subsection.4.1.3}
\BOOKMARK [3][-]{subsubsection.4.1.3.9}{\376\377\000G\000e\000t\000M\000i\000n}{subsection.4.1.3}
\BOOKMARK [3][-]{subsubsection.4.1.3.10}{\376\377\000G\000e\000t\000M\000i\000n\000C\000o\000d\000e\000d}{subsection.4.1.3}
\BOOKMARK [3][-]{subsubsection.4.1.3.11}{\376\377\000G\000e\000t\000P\000C}{subsection.4.1.3}
\BOOKMARK [3][-]{subsubsection.4.1.3.12}{\376\377\000G\000e\000t\000P\000r\000e\000c\000i\000s\000i\000o\000n}{subsection.4.1.3}
\BOOKMARK [3][-]{subsubsection.4.1.3.13}{\376\377\000G\000e\000t\000S\000i\000z\000e}{subsection.4.1.3}
\BOOKMARK [3][-]{subsubsection.4.1.3.14}{\376\377\000G\000e\000t\000V\000a\000l\000u\000e}{subsection.4.1.3}
\BOOKMARK [3][-]{subsubsection.4.1.3.15}{\376\377\000G\000e\000t\000V\000a\000l\000u\000e}{subsection.4.1.3}
\BOOKMARK [3][-]{subsubsection.4.1.3.16}{\376\377\000I\000s\000C\000o\000n\000s\000i\000s\000t\000e\000n\000t}{subsection.4.1.3}
\BOOKMARK [3][-]{subsubsection.4.1.3.17}{\376\377\000I\000s\000O\000u\000t\000O\000f\000B\000o\000u\000n\000d}{subsection.4.1.3}
\BOOKMARK [3][-]{subsubsection.4.1.3.18}{\376\377\000I\000s\000O\000u\000t\000O\000f\000B\000o\000u\000n\000d}{subsection.4.1.3}
\BOOKMARK [3][-]{subsubsection.4.1.3.19}{\376\377\000o\000p\000e\000r\000a\000t\000o\000r\000!\000=}{subsection.4.1.3}
\BOOKMARK [3][-]{subsubsection.4.1.3.20}{\376\377\000o\000p\000e\000r\000a\000t\000o\000r\000<}{subsection.4.1.3}
\BOOKMARK [3][-]{subsubsection.4.1.3.21}{\376\377\000o\000p\000e\000r\000a\000t\000o\000r\000<\000=}{subsection.4.1.3}
\BOOKMARK [3][-]{subsubsection.4.1.3.22}{\376\377\000o\000p\000e\000r\000a\000t\000o\000r\000=}{subsection.4.1.3}
\BOOKMARK [3][-]{subsubsection.4.1.3.23}{\376\377\000o\000p\000e\000r\000a\000t\000o\000r\000=\000=}{subsection.4.1.3}
\BOOKMARK [3][-]{subsubsection.4.1.3.24}{\376\377\000o\000p\000e\000r\000a\000t\000o\000r\000>}{subsection.4.1.3}
\BOOKMARK [3][-]{subsubsection.4.1.3.25}{\376\377\000o\000p\000e\000r\000a\000t\000o\000r\000>\000=}{subsection.4.1.3}
\BOOKMARK [3][-]{subsubsection.4.1.3.26}{\376\377\000S\000e\000t\000M\000a\000x}{subsection.4.1.3}
\BOOKMARK [3][-]{subsubsection.4.1.3.27}{\376\377\000S\000e\000t\000M\000a\000x\000C\000o\000d\000e\000d}{subsection.4.1.3}
\BOOKMARK [3][-]{subsubsection.4.1.3.28}{\376\377\000S\000e\000t\000M\000i\000n}{subsection.4.1.3}
\BOOKMARK [3][-]{subsubsection.4.1.3.29}{\376\377\000S\000e\000t\000M\000i\000n\000C\000o\000d\000e\000d}{subsection.4.1.3}
\BOOKMARK [3][-]{subsubsection.4.1.3.30}{\376\377\000S\000e\000t\000P\000r\000e\000c\000i\000s\000i\000o\000n}{subsection.4.1.3}
\BOOKMARK [3][-]{subsubsection.4.1.3.31}{\376\377\000S\000e\000t\000S\000i\000z\000e}{subsection.4.1.3}
\BOOKMARK [3][-]{subsubsection.4.1.3.32}{\376\377\000S\000e\000t\000V\000a\000l\000u\000e}{subsection.4.1.3}
\BOOKMARK [3][-]{subsubsection.4.1.3.33}{\376\377\000S\000e\000t\000V\000a\000l\000u\000e}{subsection.4.1.3}
\BOOKMARK [3][-]{subsubsection.4.1.3.34}{\376\377\000S\000e\000t\000V\000a\000l\000u\000e\000M\000a\000x\000V\000a\000l\000u\000e}{subsection.4.1.3}
\BOOKMARK [3][-]{subsubsection.4.1.3.35}{\376\377\000S\000e\000t\000V\000a\000l\000u\000e\000M\000i\000n\000V\000a\000l\000u\000e}{subsection.4.1.3}
\BOOKMARK [3][-]{subsubsection.4.1.3.36}{\376\377\000T\000o\000S\000t\000r\000i\000n\000g}{subsection.4.1.3}
\BOOKMARK [2][-]{subsection.4.1.4}{\376\377\000A\000m\000i\000g\000a\000s\000\040\000e\000\040\000F\000u\000n\000\347\000\365\000e\000s\000\040\000R\000e\000l\000a\000c\000i\000o\000n\000a\000d\000a\000s}{section.4.1}
\BOOKMARK [3][-]{subsubsection.4.1.4.1}{\376\377\000o\000p\000e\000r\000a\000t\000o\000r\000<\000<}{subsection.4.1.4}
\BOOKMARK [3][-]{subsubsection.4.1.4.2}{\376\377\000o\000p\000e\000r\000a\000t\000o\000r\000>\000>}{subsection.4.1.4}
\BOOKMARK [1][-]{section.4.2}{\376\377\000R\000e\000f\000e\000r\000\352\000n\000c\000i\000a\000\040\000d\000a\000\040\000T\000e\000m\000p\000l\000a\000t\000e\000\040\000d\000e\000\040\000C\000l\000a\000s\000s\000e\000\040\000c\000r\000o\000s\000s\000\137\000o\000v\000e\000r\000<\000\040\000\137\000t\000y\000,\000\040\000\137\000r\000e\000a\000l\000T\000y\000\040\000>}{chapter.4}
\BOOKMARK [2][-]{subsection.4.2.1}{\376\377\000D\000e\000s\000c\000r\000i\000\347\000\343\000o\000\040\000D\000e\000t\000a\000l\000h\000a\000d\000a}{section.4.2}
\BOOKMARK [2][-]{subsection.4.2.2}{\376\377\000C\000o\000n\000s\000t\000r\000u\000t\000o\000r\000e\000s\000\040\000\046\000\040\000D\000e\000s\000t\000r\000u\000t\000o\000r\000e\000s}{section.4.2}
\BOOKMARK [3][-]{subsubsection.4.2.2.1}{\376\377\000c\000r\000o\000s\000s\000\137\000o\000v\000e\000r}{subsection.4.2.2}
\BOOKMARK [2][-]{subsection.4.2.3}{\376\377\000M\000\351\000t\000o\000d\000o\000s}{section.4.2}
\BOOKMARK [3][-]{subsubsection.4.2.3.1}{\376\377\000C\000r\000o\000s\000s\000O\000v\000e\000r}{subsection.4.2.3}
\BOOKMARK [3][-]{subsubsection.4.2.3.2}{\376\377\000C\000r\000o\000s\000s\000O\000v\000e\000r}{subsection.4.2.3}
\BOOKMARK [3][-]{subsubsection.4.2.3.3}{\376\377\000I\000s\000A\000l\000e\000a\000t\000o\000r\000y}{subsection.4.2.3}
\BOOKMARK [3][-]{subsubsection.4.2.3.4}{\376\377\000M\000a\000k\000e\000P\000a\000i\000r\000s}{subsection.4.2.3}
\BOOKMARK [3][-]{subsubsection.4.2.3.5}{\376\377\000S\000e\000t\000A\000l\000e\000a\000t\000o\000r\000y}{subsection.4.2.3}
\BOOKMARK [3][-]{subsubsection.4.2.3.6}{\376\377\000W\000a\000l\000k\000O\000n\000I\000n\000d\000i\000v\000i\000d\000u\000a\000l\000H\000o\000o\000k}{subsection.4.2.3}
\BOOKMARK [3][-]{subsubsection.4.2.3.7}{\376\377\000W\000a\000l\000k\000O\000n\000P\000o\000p\000u\000l\000a\000t\000i\000o\000n\000H\000o\000o\000k}{subsection.4.2.3}
\BOOKMARK [1][-]{section.4.3}{\376\377\000R\000e\000f\000e\000r\000\352\000n\000c\000i\000a\000\040\000d\000a\000\040\000T\000e\000m\000p\000l\000a\000t\000e\000\040\000d\000e\000\040\000C\000l\000a\000s\000s\000e\000\040\000c\000r\000o\000s\000s\000\137\000o\000v\000e\000r\000\137\000t\000h\000r\000e\000a\000d\000<\000\040\000\137\000t\000y\000,\000\040\000\137\000r\000e\000a\000l\000T\000y\000\040\000>}{chapter.4}
\BOOKMARK [2][-]{subsection.4.3.1}{\376\377\000C\000o\000n\000s\000t\000r\000u\000t\000o\000r\000e\000s\000\040\000\046\000\040\000D\000e\000s\000t\000r\000u\000t\000o\000r\000e\000s}{section.4.3}
\BOOKMARK [3][-]{subsubsection.4.3.1.1}{\376\377\000c\000r\000o\000s\000s\000\137\000o\000v\000e\000r\000\137\000t\000h\000r\000e\000a\000d}{subsection.4.3.1}
\BOOKMARK [3][-]{subsubsection.4.3.1.2}{\376\377\000c\000r\000o\000s\000s\000\137\000o\000v\000e\000r\000\137\000t\000h\000r\000e\000a\000d}{subsection.4.3.1}
\BOOKMARK [2][-]{subsection.4.3.2}{\376\377\000M\000\351\000t\000o\000d\000o\000s}{section.4.3}
\BOOKMARK [3][-]{subsubsection.4.3.2.1}{\376\377\000C\000o\000n\000s\000u\000m\000e\000A\000n\000d\000P\000r\000o\000d\000u\000c\000e\000I\000n\000d\000i\000v\000i\000d\000u\000a\000l\000s}{subsection.4.3.2}
\BOOKMARK [1][-]{section.4.4}{\376\377\000R\000e\000f\000e\000r\000\352\000n\000c\000i\000a\000\040\000d\000a\000\040\000C\000l\000a\000s\000s\000e\000\040\000g\000a\000\137\000e\000x\000c\000e\000p\000t\000i\000o\000n}{chapter.4}
\BOOKMARK [2][-]{subsection.4.4.1}{\376\377\000D\000e\000s\000c\000r\000i\000\347\000\343\000o\000\040\000D\000e\000t\000a\000l\000h\000a\000d\000a}{section.4.4}
\BOOKMARK [2][-]{subsection.4.4.2}{\376\377\000C\000o\000n\000s\000t\000r\000u\000t\000o\000r\000e\000s\000\040\000\046\000\040\000D\000e\000s\000t\000r\000u\000t\000o\000r\000e\000s}{section.4.4}
\BOOKMARK [3][-]{subsubsection.4.4.2.1}{\376\377\000g\000a\000\137\000e\000x\000c\000e\000p\000t\000i\000o\000n}{subsection.4.4.2}
\BOOKMARK [2][-]{subsection.4.4.3}{\376\377\000M\000\351\000t\000o\000d\000o\000s}{section.4.4}
\BOOKMARK [3][-]{subsubsection.4.4.3.1}{\376\377\000w\000h\000a\000t}{subsection.4.4.3}
\BOOKMARK [1][-]{section.4.5}{\376\377\000R\000e\000f\000e\000r\000\352\000n\000c\000i\000a\000\040\000d\000a\000\040\000T\000e\000m\000p\000l\000a\000t\000e\000\040\000d\000e\000\040\000C\000l\000a\000s\000s\000e\000\040\000g\000e\000n\000e\000t\000i\000c\000\137\000a\000l\000g\000o\000r\000i\000t\000h\000m\000<\000\040\000\137\000t\000y\000,\000\040\000\137\000r\000e\000a\000l\000T\000y\000\040\000>}{chapter.4}
\BOOKMARK [2][-]{subsection.4.5.1}{\376\377\000D\000e\000s\000c\000r\000i\000\347\000\343\000o\000\040\000D\000e\000t\000a\000l\000h\000a\000d\000a}{section.4.5}
\BOOKMARK [2][-]{subsection.4.5.2}{\376\377\000C\000o\000n\000s\000t\000r\000u\000t\000o\000r\000e\000s\000\040\000\046\000\040\000D\000e\000s\000t\000r\000u\000t\000o\000r\000e\000s}{section.4.5}
\BOOKMARK [3][-]{subsubsection.4.5.2.1}{\376\377\000g\000e\000n\000e\000t\000i\000c\000\137\000a\000l\000g\000o\000r\000i\000t\000h\000m}{subsection.4.5.2}
\BOOKMARK [2][-]{subsection.4.5.3}{\376\377\000M\000\351\000t\000o\000d\000o\000s}{section.4.5}
\BOOKMARK [3][-]{subsubsection.4.5.3.1}{\376\377\000G\000e\000t\000M\000a\000x\000G\000e\000n\000e\000r\000a\000t\000i\000o\000n}{subsection.4.5.3}
\BOOKMARK [3][-]{subsubsection.4.5.3.2}{\376\377\000S\000e\000M\000a\000x\000G\000e\000n\000e\000r\000a\000t\000i\000o\000n}{subsection.4.5.3}
\BOOKMARK [3][-]{subsubsection.4.5.3.3}{\376\377\000S\000t\000a\000r\000t\000G\000A}{subsection.4.5.3}
\BOOKMARK [2][-]{subsection.4.5.4}{\376\377\000A\000t\000r\000i\000b\000u\000t\000o\000s}{section.4.5}
\BOOKMARK [3][-]{subsubsection.4.5.4.1}{\376\377\000\137\000c\000r\000o\000s\000s\000\137\000o\000v\000e\000r}{subsection.4.5.4}
\BOOKMARK [3][-]{subsubsection.4.5.4.2}{\376\377\000\137\000m\000a\000x\000\137\000g\000e\000n\000e\000r\000a\000t\000i\000o\000n}{subsection.4.5.4}
\BOOKMARK [3][-]{subsubsection.4.5.4.3}{\376\377\000\137\000m\000u\000t\000a\000t\000i\000o\000n}{subsection.4.5.4}
\BOOKMARK [3][-]{subsubsection.4.5.4.4}{\376\377\000\137\000p\000o\000p\000u\000l\000a\000t\000i\000o\000n}{subsection.4.5.4}
\BOOKMARK [3][-]{subsubsection.4.5.4.5}{\376\377\000\137\000s\000e\000l\000e\000c\000t\000i\000o\000n}{subsection.4.5.4}
\BOOKMARK [1][-]{section.4.6}{\376\377\000R\000e\000f\000e\000r\000\352\000n\000c\000i\000a\000\040\000d\000a\000\040\000T\000e\000m\000p\000l\000a\000t\000e\000\040\000d\000e\000\040\000C\000l\000a\000s\000s\000e\000\040\000g\000e\000n\000e\000t\000i\000c\000\137\000a\000l\000g\000o\000r\000i\000t\000h\000m\000\137\000t\000h\000r\000e\000a\000d\000<\000\040\000\137\000t\000y\000,\000\040\000\137\000r\000e\000a\000l\000T\000y\000\040\000>}{chapter.4}
\BOOKMARK [2][-]{subsection.4.6.1}{\376\377\000D\000e\000s\000c\000r\000i\000\347\000\343\000o\000\040\000D\000e\000t\000a\000l\000h\000a\000d\000a}{section.4.6}
\BOOKMARK [2][-]{subsection.4.6.2}{\376\377\000C\000o\000n\000s\000t\000r\000u\000t\000o\000r\000e\000s\000\040\000\046\000\040\000D\000e\000s\000t\000r\000u\000t\000o\000r\000e\000s}{section.4.6}
\BOOKMARK [3][-]{subsubsection.4.6.2.1}{\376\377\000g\000e\000n\000e\000t\000i\000c\000\137\000a\000l\000g\000o\000r\000i\000t\000h\000m\000\137\000t\000h\000r\000e\000a\000d}{subsection.4.6.2}
\BOOKMARK [1][-]{section.4.7}{\376\377\000R\000e\000f\000e\000r\000\352\000n\000c\000i\000a\000\040\000d\000a\000\040\000T\000e\000m\000p\000l\000a\000t\000e\000\040\000d\000e\000\040\000C\000l\000a\000s\000s\000e\000\040\000g\000e\000n\000e\000t\000i\000c\000\137\000o\000p\000e\000r\000a\000t\000o\000r\000<\000\040\000\137\000t\000y\000,\000\040\000\137\000r\000e\000a\000l\000T\000y\000\040\000>}{chapter.4}
\BOOKMARK [2][-]{subsection.4.7.1}{\376\377\000C\000o\000n\000s\000t\000r\000u\000t\000o\000r\000e\000s\000\040\000\046\000\040\000D\000e\000s\000t\000r\000u\000t\000o\000r\000e\000s}{section.4.7}
\BOOKMARK [3][-]{subsubsection.4.7.1.1}{\376\377\000g\000e\000n\000e\000t\000i\000c\000\137\000o\000p\000e\000r\000a\000t\000o\000r}{subsection.4.7.1}
\BOOKMARK [2][-]{subsection.4.7.2}{\376\377\000M\000\351\000t\000o\000d\000o\000s}{section.4.7}
\BOOKMARK [3][-]{subsubsection.4.7.2.1}{\376\377\000d\000o\000A\000p\000p\000l\000y\000G\000e\000n\000e\000t\000i\000c\000O\000p\000e\000r\000a\000t\000o\000r}{subsection.4.7.2}
\BOOKMARK [3][-]{subsubsection.4.7.2.2}{\376\377\000G\000e\000n\000e\000r\000a\000t\000e\000R\000a\000n\000d\000o\000m}{subsection.4.7.2}
\BOOKMARK [3][-]{subsubsection.4.7.2.3}{\376\377\000G\000e\000n\000e\000r\000a\000t\000e\000R\000a\000n\000d\000o\000m}{subsection.4.7.2}
\BOOKMARK [3][-]{subsubsection.4.7.2.4}{\376\377\000G\000e\000t\000N\000a\000m\000e}{subsection.4.7.2}
\BOOKMARK [3][-]{subsubsection.4.7.2.5}{\376\377\000W\000a\000l\000k\000O\000n\000I\000n\000d\000i\000v\000i\000d\000u\000a\000l\000H\000o\000o\000k}{subsection.4.7.2}
\BOOKMARK [3][-]{subsubsection.4.7.2.6}{\376\377\000W\000a\000l\000k\000O\000n\000P\000o\000p\000u\000l\000a\000t\000i\000o\000n\000H\000o\000o\000k}{subsection.4.7.2}
\BOOKMARK [1][-]{section.4.8}{\376\377\000R\000e\000f\000e\000r\000\352\000n\000c\000i\000a\000\040\000d\000a\000\040\000T\000e\000m\000p\000l\000a\000t\000e\000\040\000d\000e\000\040\000C\000l\000a\000s\000s\000e\000\040\000g\000e\000n\000e\000t\000i\000c\000\137\000o\000p\000e\000r\000a\000t\000o\000r\000\137\000t\000h\000r\000e\000a\000d\000<\000\040\000\137\000t\000y\000,\000\040\000\137\000r\000e\000a\000l\000T\000y\000\040\000>}{chapter.4}
\BOOKMARK [2][-]{subsection.4.8.1}{\376\377\000D\000e\000s\000c\000r\000i\000\347\000\343\000o\000\040\000D\000e\000t\000a\000l\000h\000a\000d\000a}{section.4.8}
\BOOKMARK [2][-]{subsection.4.8.2}{\376\377\000D\000e\000f\000i\000n\000i\000\347\000\365\000e\000s\000\040\000d\000e\000\040\000T\000i\000p\000o\000s}{section.4.8}
\BOOKMARK [3][-]{subsubsection.4.8.2.1}{\376\377\000i\000t\000\137}{subsection.4.8.2}
\BOOKMARK [3][-]{subsubsection.4.8.2.2}{\376\377\000s\000c\000o\000p\000e\000d\000\137\000l\000o\000c\000k}{subsection.4.8.2}
\BOOKMARK [2][-]{subsection.4.8.3}{\376\377\000C\000o\000n\000s\000t\000r\000u\000t\000o\000r\000e\000s\000\040\000\046\000\040\000D\000e\000s\000t\000r\000u\000t\000o\000r\000e\000s}{section.4.8}
\BOOKMARK [3][-]{subsubsection.4.8.3.1}{\376\377\000g\000e\000n\000e\000t\000i\000c\000\137\000o\000p\000e\000r\000a\000t\000o\000r\000\137\000t\000h\000r\000e\000a\000d}{subsection.4.8.3}
\BOOKMARK [3][-]{subsubsection.4.8.3.2}{\376\377\000g\000e\000n\000e\000t\000i\000c\000\137\000o\000p\000e\000r\000a\000t\000o\000r\000\137\000t\000h\000r\000e\000a\000d}{subsection.4.8.3}
\BOOKMARK [2][-]{subsection.4.8.4}{\376\377\000M\000\351\000t\000o\000d\000o\000s}{section.4.8}
\BOOKMARK [3][-]{subsubsection.4.8.4.1}{\376\377\000A\000d\000d\000I\000n\000d\000i\000v\000i\000d\000u\000a\000l}{subsection.4.8.4}
\BOOKMARK [3][-]{subsubsection.4.8.4.2}{\376\377\000A\000p\000p\000l\000y\000G\000e\000n\000e\000t\000i\000c\000O\000p\000e\000r\000a\000t\000o\000r}{subsection.4.8.4}
\BOOKMARK [3][-]{subsubsection.4.8.4.3}{\376\377\000B\000e\000g\000i\000n}{subsection.4.8.4}
\BOOKMARK [3][-]{subsubsection.4.8.4.4}{\376\377\000E\000n\000d}{subsection.4.8.4}
\BOOKMARK [3][-]{subsubsection.4.8.4.5}{\376\377\000E\000n\000d\000O\000f\000G\000A}{subsection.4.8.4}
\BOOKMARK [3][-]{subsubsection.4.8.4.6}{\376\377\000F\000u\000l\000l\000P\000o\000p\000u\000l\000a\000t\000i\000o\000n}{subsection.4.8.4}
\BOOKMARK [3][-]{subsubsection.4.8.4.7}{\376\377\000G\000e\000t\000B\000e\000s\000t\000I\000n\000d\000i\000v\000i\000d\000u\000a\000l}{subsection.4.8.4}
\BOOKMARK [3][-]{subsubsection.4.8.4.8}{\376\377\000G\000e\000t\000C\000o\000n\000d\000A\000p\000p\000l\000y\000O\000p}{subsection.4.8.4}
\BOOKMARK [3][-]{subsubsection.4.8.4.9}{\376\377\000G\000e\000t\000G\000e\000n\000e\000r\000a\000t\000i\000o\000n\000C\000o\000u\000n\000t}{subsection.4.8.4}
\BOOKMARK [3][-]{subsubsection.4.8.4.10}{\376\377\000G\000e\000t\000M\000u\000t\000e\000x\000C\000o\000n\000d\000A\000p\000p\000l\000y\000O\000p}{subsection.4.8.4}
\BOOKMARK [3][-]{subsubsection.4.8.4.11}{\376\377\000G\000e\000t\000R\000e\000f\000e\000r\000e\000n\000c\000e}{subsection.4.8.4}
\BOOKMARK [3][-]{subsubsection.4.8.4.12}{\376\377\000G\000e\000t\000S\000e\000m\000C\000o\000n\000s\000u\000m\000e\000r}{subsection.4.8.4}
\BOOKMARK [3][-]{subsubsection.4.8.4.13}{\376\377\000G\000e\000t\000S\000e\000m\000P\000r\000o\000d\000u\000c\000e\000r}{subsection.4.8.4}
\BOOKMARK [3][-]{subsubsection.4.8.4.14}{\376\377\000I\000n\000c\000r\000e\000m\000e\000n\000t\000G\000e\000n\000e\000r\000a\000t\000i\000o\000n\000C\000o\000u\000n\000t}{subsection.4.8.4}
\BOOKMARK [3][-]{subsubsection.4.8.4.15}{\376\377\000I\000n\000c\000r\000e\000m\000e\000n\000t\000I\000t\000e\000r\000a\000t\000o\000r}{subsection.4.8.4}
\BOOKMARK [3][-]{subsubsection.4.8.4.16}{\376\377\000P\000r\000i\000n\000t\000P\000o\000p\000u\000l\000a\000t\000i\000o\000n}{subsection.4.8.4}
\BOOKMARK [3][-]{subsubsection.4.8.4.17}{\376\377\000P\000u\000s\000h\000B\000a\000c\000k\000I\000n\000d\000i\000v\000i\000d\000u\000a\000l}{subsection.4.8.4}
\BOOKMARK [3][-]{subsubsection.4.8.4.18}{\376\377\000R\000e\000a\000d\000y\000T\000o\000R\000e\000c\000e\000i\000v\000e}{subsection.4.8.4}
\BOOKMARK [3][-]{subsubsection.4.8.4.19}{\376\377\000S\000e\000t\000C\000o\000n\000s\000u\000m\000e\000r}{subsection.4.8.4}
\BOOKMARK [3][-]{subsubsection.4.8.4.20}{\376\377\000S\000e\000t\000P\000r\000o\000d\000u\000c\000e\000r}{subsection.4.8.4}
\BOOKMARK [3][-]{subsubsection.4.8.4.21}{\376\377\000U\000p\000d\000a\000t\000e\000P\000o\000p\000u\000l\000a\000t\000i\000o\000n}{subsection.4.8.4}
\BOOKMARK [3][-]{subsubsection.4.8.4.22}{\376\377\000g\000e\000n\000e\000t\000i\000c\000\137\000o\000p\000e\000r\000a\000t\000o\000r\000\137\000t\000h\000r\000e\000a\000d}{subsection.4.8.4}
\BOOKMARK [2][-]{subsection.4.8.5}{\376\377\000A\000t\000r\000i\000b\000u\000t\000o\000s}{section.4.8}
\BOOKMARK [3][-]{subsubsection.4.8.5.1}{\376\377\000\137\000c\000o\000n\000s\000u\000m\000i\000d\000o\000r\000P\000t}{subsection.4.8.5}
\BOOKMARK [3][-]{subsubsection.4.8.5.2}{\376\377\000\137\000c\000o\000r\000e\000N\000u\000m\000b\000e\000r\000s}{subsection.4.8.5}
\BOOKMARK [3][-]{subsubsection.4.8.5.3}{\376\377\000\137\000g\000e\000n\000C\000o\000u\000n\000t}{subsection.4.8.5}
\BOOKMARK [3][-]{subsubsection.4.8.5.4}{\376\377\000\137\000M\000u\000t\000e\000x\000g\000e\000n\000C\000o\000u\000n\000t}{subsection.4.8.5}
\BOOKMARK [3][-]{subsubsection.4.8.5.5}{\376\377\000\137\000p\000o\000p\000O\000p\000e\000r\000a\000t\000o\000r\000P\000t}{subsection.4.8.5}
\BOOKMARK [3][-]{subsubsection.4.8.5.6}{\376\377\000\137\000p\000r\000o\000d\000u\000c\000e\000r\000P\000t}{subsection.4.8.5}
\BOOKMARK [1][-]{section.4.9}{\376\377\000R\000e\000f\000e\000r\000\352\000n\000c\000i\000a\000\040\000d\000a\000\040\000T\000e\000m\000p\000l\000a\000t\000e\000\040\000d\000e\000\040\000C\000l\000a\000s\000s\000e\000\040\000i\000n\000d\000i\000v\000i\000d\000u\000a\000l\000<\000\040\000\137\000t\000y\000,\000\040\000\137\000r\000e\000a\000l\000T\000y\000\040\000>}{chapter.4}
\BOOKMARK [2][-]{subsection.4.9.1}{\376\377\000D\000e\000s\000c\000r\000i\000\347\000\343\000o\000\040\000D\000e\000t\000a\000l\000h\000a\000d\000a}{section.4.9}
\BOOKMARK [2][-]{subsection.4.9.2}{\376\377\000D\000e\000f\000i\000n\000i\000\347\000\365\000e\000s\000\040\000d\000e\000\040\000T\000i\000p\000o\000s}{section.4.9}
\BOOKMARK [3][-]{subsubsection.4.9.2.1}{\376\377\000c\000o\000n\000s\000t\000\137\000i\000t\000\137}{subsection.4.9.2}
\BOOKMARK [3][-]{subsubsection.4.9.2.2}{\376\377\000i\000t\000\137}{subsection.4.9.2}
\BOOKMARK [3][-]{subsubsection.4.9.2.3}{\376\377\000p\000o\000s\000T\000y\000\137}{subsection.4.9.2}
\BOOKMARK [2][-]{subsection.4.9.3}{\376\377\000C\000o\000n\000s\000t\000r\000u\000t\000o\000r\000e\000s\000\040\000\046\000\040\000D\000e\000s\000t\000r\000u\000t\000o\000r\000e\000s}{section.4.9}
\BOOKMARK [3][-]{subsubsection.4.9.3.1}{\376\377\000i\000n\000d\000i\000v\000i\000d\000u\000a\000l}{subsection.4.9.3}
\BOOKMARK [3][-]{subsubsection.4.9.3.2}{\376\377\000i\000n\000d\000i\000v\000i\000d\000u\000a\000l}{subsection.4.9.3}
\BOOKMARK [3][-]{subsubsection.4.9.3.3}{\376\377\000i\000n\000d\000i\000v\000i\000d\000u\000a\000l}{subsection.4.9.3}
\BOOKMARK [2][-]{subsection.4.9.4}{\376\377\000M\000\351\000t\000o\000d\000o\000s}{section.4.9}
\BOOKMARK [3][-]{subsubsection.4.9.4.1}{\376\377\000A\000d\000d\000C\000o\000o\000r\000d\000i\000n\000a\000t\000e}{subsection.4.9.4}
\BOOKMARK [3][-]{subsubsection.4.9.4.2}{\376\377\000b\000e\000g\000i\000n}{subsection.4.9.4}
\BOOKMARK [3][-]{subsubsection.4.9.4.3}{\376\377\000b\000e\000g\000i\000n}{subsection.4.9.4}
\BOOKMARK [3][-]{subsubsection.4.9.4.4}{\376\377\000e\000n\000d}{subsection.4.9.4}
\BOOKMARK [3][-]{subsubsection.4.9.4.5}{\376\377\000e\000n\000d}{subsection.4.9.4}
\BOOKMARK [3][-]{subsubsection.4.9.4.6}{\376\377\000G\000e\000n\000e\000r\000a\000t\000e\000P\000o\000s\000i\000t\000i\000o\000n}{subsection.4.9.4}
\BOOKMARK [3][-]{subsubsection.4.9.4.7}{\376\377\000G\000e\000t\000D\000i\000m\000e\000n\000s\000i\000o\000n}{subsection.4.9.4}
\BOOKMARK [3][-]{subsubsection.4.9.4.8}{\376\377\000G\000e\000t\000I\000D}{subsection.4.9.4}
\BOOKMARK [3][-]{subsubsection.4.9.4.9}{\376\377\000G\000e\000t\000P\000a\000i\000r}{subsection.4.9.4}
\BOOKMARK [3][-]{subsubsection.4.9.4.10}{\376\377\000G\000e\000t\000P\000a\000i\000r}{subsection.4.9.4}
\BOOKMARK [3][-]{subsubsection.4.9.4.11}{\376\377\000G\000e\000t\000R\000e\000a\000l\000P\000o\000s\000i\000t\000i\000o\000n}{subsection.4.9.4}
\BOOKMARK [3][-]{subsubsection.4.9.4.12}{\376\377\000G\000e\000t\000S\000i\000z\000e}{subsection.4.9.4}
\BOOKMARK [3][-]{subsubsection.4.9.4.13}{\376\377\000G\000e\000t\000V\000a\000l\000u\000e}{subsection.4.9.4}
\BOOKMARK [3][-]{subsubsection.4.9.4.14}{\376\377\000M\000a\000k\000e\000P\000a\000i\000r}{subsection.4.9.4}
\BOOKMARK [3][-]{subsubsection.4.9.4.15}{\376\377\000o\000p\000e\000r\000a\000t\000o\000r\000!\000=}{subsection.4.9.4}
\BOOKMARK [3][-]{subsubsection.4.9.4.16}{\376\377\000o\000p\000e\000r\000a\000t\000o\000r\000<}{subsection.4.9.4}
\BOOKMARK [3][-]{subsubsection.4.9.4.17}{\376\377\000o\000p\000e\000r\000a\000t\000o\000r\000<\000=}{subsection.4.9.4}
\BOOKMARK [3][-]{subsubsection.4.9.4.18}{\376\377\000o\000p\000e\000r\000a\000t\000o\000r\000=\000=}{subsection.4.9.4}
\BOOKMARK [3][-]{subsubsection.4.9.4.19}{\376\377\000o\000p\000e\000r\000a\000t\000o\000r\000>}{subsection.4.9.4}
\BOOKMARK [3][-]{subsubsection.4.9.4.20}{\376\377\000o\000p\000e\000r\000a\000t\000o\000r\000>\000=}{subsection.4.9.4}
\BOOKMARK [3][-]{subsubsection.4.9.4.21}{\376\377\000o\000p\000e\000r\000a\000t\000o\000r\000[\000]}{subsection.4.9.4}
\BOOKMARK [3][-]{subsubsection.4.9.4.22}{\376\377\000o\000p\000e\000r\000a\000t\000o\000r\000[\000]}{subsection.4.9.4}
\BOOKMARK [3][-]{subsubsection.4.9.4.23}{\376\377\000P\000r\000i\000n\000t\000R\000e\000a\000l\000P\000o\000s\000i\000t\000i\000o\000n}{subsection.4.9.4}
\BOOKMARK [3][-]{subsubsection.4.9.4.24}{\376\377\000S\000e\000p\000a\000r\000e\000t\000e\000P\000a\000i\000r}{subsection.4.9.4}
\BOOKMARK [3][-]{subsubsection.4.9.4.25}{\376\377\000S\000e\000t\000I\000D}{subsection.4.9.4}
\BOOKMARK [3][-]{subsubsection.4.9.4.26}{\376\377\000S\000e\000t\000P\000a\000i\000r}{subsection.4.9.4}
\BOOKMARK [3][-]{subsubsection.4.9.4.27}{\376\377\000S\000e\000t\000V\000a\000l\000u\000e}{subsection.4.9.4}
\BOOKMARK [2][-]{subsection.4.9.5}{\376\377\000A\000m\000i\000g\000a\000s\000\040\000e\000\040\000F\000u\000n\000\347\000\365\000e\000s\000\040\000R\000e\000l\000a\000c\000i\000o\000n\000a\000d\000a\000s}{section.4.9}
\BOOKMARK [3][-]{subsubsection.4.9.5.1}{\376\377\000o\000p\000e\000r\000a\000t\000o\000r\000<\000<}{subsection.4.9.5}
\BOOKMARK [3][-]{subsubsection.4.9.5.2}{\376\377\000o\000p\000e\000r\000a\000t\000o\000r\000>\000>}{subsection.4.9.5}
\BOOKMARK [1][-]{section.4.10}{\376\377\000R\000e\000f\000e\000r\000\352\000n\000c\000i\000a\000\040\000d\000a\000\040\000T\000e\000m\000p\000l\000a\000t\000e\000\040\000d\000e\000\040\000C\000l\000a\000s\000s\000e\000\040\000m\000u\000t\000a\000t\000e\000\137\000b\000i\000t\000\137\000b\000y\000\137\000b\000i\000t\000<\000\040\000\137\000t\000y\000,\000\040\000\137\000r\000e\000a\000l\000T\000y\000\040\000>}{chapter.4}
\BOOKMARK [2][-]{subsection.4.10.1}{\376\377\000C\000o\000n\000s\000t\000r\000u\000t\000o\000r\000e\000s\000\040\000\046\000\040\000D\000e\000s\000t\000r\000u\000t\000o\000r\000e\000s}{section.4.10}
\BOOKMARK [3][-]{subsubsection.4.10.1.1}{\376\377\000m\000u\000t\000a\000t\000e\000\137\000b\000i\000t\000\137\000b\000y\000\137\000b\000i\000t}{subsection.4.10.1}
\BOOKMARK [2][-]{subsection.4.10.2}{\376\377\000M\000\351\000t\000o\000d\000o\000s}{section.4.10}
\BOOKMARK [3][-]{subsubsection.4.10.2.1}{\376\377\000G\000e\000t\000N\000a\000m\000e}{subsection.4.10.2}
\BOOKMARK [3][-]{subsubsection.4.10.2.2}{\376\377\000W\000a\000l\000k\000O\000n\000I\000n\000d\000i\000v\000i\000d\000u\000a\000l\000H\000o\000o\000k}{subsection.4.10.2}
\BOOKMARK [3][-]{subsubsection.4.10.2.3}{\376\377\000W\000a\000l\000k\000O\000n\000P\000o\000p\000u\000l\000a\000t\000i\000o\000n\000H\000o\000o\000k}{subsection.4.10.2}
\BOOKMARK [1][-]{section.4.11}{\376\377\000R\000e\000f\000e\000r\000\352\000n\000c\000i\000a\000\040\000d\000a\000\040\000T\000e\000m\000p\000l\000a\000t\000e\000\040\000d\000e\000\040\000C\000l\000a\000s\000s\000e\000\040\000m\000u\000t\000a\000t\000e\000\137\000b\000i\000t\000\137\000b\000y\000\137\000b\000i\000t\000\137\000t\000h\000r\000e\000a\000d\000<\000\040\000\137\000t\000y\000,\000\040\000\137\000r\000e\000a\000l\000T\000y\000\040\000>}{chapter.4}
\BOOKMARK [2][-]{subsection.4.11.1}{\376\377\000D\000e\000s\000c\000r\000i\000\347\000\343\000o\000\040\000D\000e\000t\000a\000l\000h\000a\000d\000a}{section.4.11}
\BOOKMARK [2][-]{subsection.4.11.2}{\376\377\000D\000e\000f\000i\000n\000i\000\347\000\365\000e\000s\000\040\000d\000e\000\040\000T\000i\000p\000o\000s}{section.4.11}
\BOOKMARK [3][-]{subsubsection.4.11.2.1}{\376\377\000s\000c\000o\000p\000e\000d\000\137\000l\000o\000c\000k}{subsection.4.11.2}
\BOOKMARK [2][-]{subsection.4.11.3}{\376\377\000C\000o\000n\000s\000t\000r\000u\000t\000o\000r\000e\000s\000\040\000\046\000\040\000D\000e\000s\000t\000r\000u\000t\000o\000r\000e\000s}{section.4.11}
\BOOKMARK [3][-]{subsubsection.4.11.3.1}{\376\377\000m\000u\000t\000a\000t\000e\000\137\000b\000i\000t\000\137\000b\000y\000\137\000b\000i\000t\000\137\000t\000h\000r\000e\000a\000d}{subsection.4.11.3}
\BOOKMARK [2][-]{subsection.4.11.4}{\376\377\000M\000\351\000t\000o\000d\000o\000s}{section.4.11}
\BOOKMARK [3][-]{subsubsection.4.11.4.1}{\376\377\000A\000p\000p\000l\000y\000M\000u\000t\000a\000t\000e\000O\000p\000e\000r\000a\000t\000o\000r\000I\000n\000I\000n\000d\000i\000v\000i\000d\000u\000a\000l}{subsection.4.11.4}
\BOOKMARK [3][-]{subsubsection.4.11.4.2}{\376\377\000C\000a\000l\000l\000C\000o\000n\000s\000u\000m\000e\000A\000n\000d\000P\000r\000o\000d\000u\000c\000e}{subsection.4.11.4}
\BOOKMARK [3][-]{subsubsection.4.11.4.3}{\376\377\000C\000o\000n\000s\000u\000m\000e\000A\000n\000d\000P\000r\000o\000d\000u\000c\000e}{subsection.4.11.4}
\BOOKMARK [1][-]{section.4.12}{\376\377\000R\000e\000f\000e\000r\000\352\000n\000c\000i\000a\000\040\000d\000a\000\040\000T\000e\000m\000p\000l\000a\000t\000e\000\040\000d\000e\000\040\000C\000l\000a\000s\000s\000e\000\040\000p\000o\000p\000u\000l\000a\000t\000i\000o\000n\000<\000\040\000\137\000t\000y\000,\000\040\000\137\000r\000e\000a\000l\000T\000y\000\040\000>}{chapter.4}
\BOOKMARK [2][-]{subsection.4.12.1}{\376\377\000D\000e\000s\000c\000r\000i\000\347\000\343\000o\000\040\000D\000e\000t\000a\000l\000h\000a\000d\000a}{section.4.12}
\BOOKMARK [2][-]{subsection.4.12.2}{\376\377\000D\000e\000f\000i\000n\000i\000\347\000\365\000e\000s\000\040\000d\000e\000\040\000T\000i\000p\000o\000s}{section.4.12}
\BOOKMARK [3][-]{subsubsection.4.12.2.1}{\376\377\000\137\000p\000o\000p}{subsection.4.12.2}
\BOOKMARK [3][-]{subsubsection.4.12.2.2}{\376\377\000c\000o\000n\000s\000t\000\137\000i\000t\000\137}{subsection.4.12.2}
\BOOKMARK [3][-]{subsubsection.4.12.2.3}{\376\377\000i\000t\000\137}{subsection.4.12.2}
\BOOKMARK [2][-]{subsection.4.12.3}{\376\377\000C\000o\000n\000s\000t\000r\000u\000t\000o\000r\000e\000s\000\040\000\046\000\040\000D\000e\000s\000t\000r\000u\000t\000o\000r\000e\000s}{section.4.12}
\BOOKMARK [3][-]{subsubsection.4.12.3.1}{\376\377\000p\000o\000p\000u\000l\000a\000t\000i\000o\000n}{subsection.4.12.3}
\BOOKMARK [3][-]{subsubsection.4.12.3.2}{\376\377\000p\000o\000p\000u\000l\000a\000t\000i\000o\000n}{subsection.4.12.3}
\BOOKMARK [3][-]{subsubsection.4.12.3.3}{\376\377\000p\000o\000p\000u\000l\000a\000t\000i\000o\000n}{subsection.4.12.3}
\BOOKMARK [2][-]{subsection.4.12.4}{\376\377\000M\000\351\000t\000o\000d\000o\000s}{section.4.12}
\BOOKMARK [3][-]{subsubsection.4.12.4.1}{\376\377\000A\000d\000d\000I\000n\000d\000i\000v\000i\000d\000u\000a\000l\000T\000o\000P\000o\000p\000u\000l\000a\000t\000i\000o\000n}{subsection.4.12.4}
\BOOKMARK [3][-]{subsubsection.4.12.4.2}{\376\377\000b\000e\000g\000i\000n}{subsection.4.12.4}
\BOOKMARK [3][-]{subsubsection.4.12.4.3}{\376\377\000b\000e\000g\000i\000n}{subsection.4.12.4}
\BOOKMARK [3][-]{subsubsection.4.12.4.4}{\376\377\000C\000l\000e\000a\000n\000P\000o\000p\000u\000l\000a\000t\000i\000o\000n}{subsection.4.12.4}
\BOOKMARK [3][-]{subsubsection.4.12.4.5}{\376\377\000e\000n\000d}{subsection.4.12.4}
\BOOKMARK [3][-]{subsubsection.4.12.4.6}{\376\377\000e\000n\000d}{subsection.4.12.4}
\BOOKMARK [3][-]{subsubsection.4.12.4.7}{\376\377\000G\000e\000n\000e\000r\000a\000t\000e\000P\000o\000p\000u\000l\000a\000t\000i\000o\000n}{subsection.4.12.4}
\BOOKMARK [3][-]{subsubsection.4.12.4.8}{\376\377\000G\000e\000t\000A\000v\000e\000r\000a\000g\000e\000P\000e\000r\000f\000o\000r\000m\000a\000n\000c\000e}{subsection.4.12.4}
\BOOKMARK [3][-]{subsubsection.4.12.4.9}{\376\377\000G\000e\000t\000B\000e\000s\000t\000I\000d}{subsection.4.12.4}
\BOOKMARK [3][-]{subsubsection.4.12.4.10}{\376\377\000G\000e\000t\000D\000e\000v\000i\000a\000t\000i\000o\000n}{subsection.4.12.4}
\BOOKMARK [3][-]{subsubsection.4.12.4.11}{\376\377\000G\000e\000t\000I\000d}{subsection.4.12.4}
\BOOKMARK [3][-]{subsubsection.4.12.4.12}{\376\377\000G\000e\000t\000N\000u\000m\000e\000r\000O\000f\000I\000n\000d\000i\000v\000i\000d\000u\000a\000l\000s}{subsection.4.12.4}
\BOOKMARK [3][-]{subsubsection.4.12.4.13}{\376\377\000G\000e\000t\000S\000u\000m}{subsection.4.12.4}
\BOOKMARK [3][-]{subsubsection.4.12.4.14}{\376\377\000G\000e\000t\000W\000o\000r\000s\000e\000I\000d}{subsection.4.12.4}
\BOOKMARK [3][-]{subsubsection.4.12.4.15}{\376\377\000o\000p\000e\000r\000a\000t\000o\000r\000=\000=}{subsection.4.12.4}
\BOOKMARK [3][-]{subsubsection.4.12.4.16}{\376\377\000o\000p\000e\000r\000a\000t\000o\000r\000[\000]}{subsection.4.12.4}
\BOOKMARK [3][-]{subsubsection.4.12.4.17}{\376\377\000o\000p\000e\000r\000a\000t\000o\000r\000[\000]}{subsection.4.12.4}
\BOOKMARK [3][-]{subsubsection.4.12.4.18}{\376\377\000P\000r\000i\000n\000t\000P\000a\000i\000r\000s}{subsection.4.12.4}
\BOOKMARK [3][-]{subsubsection.4.12.4.19}{\376\377\000R\000e\000m\000o\000v\000e\000I\000n\000d\000i\000v\000i\000d\000u\000a\000l\000A\000t}{subsection.4.12.4}
\BOOKMARK [3][-]{subsubsection.4.12.4.20}{\376\377\000S\000e\000n\000d\000G\000e\000n\000e\000r\000a\000t\000i\000o\000n\000D\000a\000t\000a\000T\000o\000S\000t\000r\000e\000a\000m}{subsection.4.12.4}
\BOOKMARK [3][-]{subsubsection.4.12.4.21}{\376\377\000S\000e\000t\000A\000v\000e\000r\000a\000g\000e\000P\000e\000r\000f\000o\000r\000m\000a\000n\000c\000e}{subsection.4.12.4}
\BOOKMARK [3][-]{subsubsection.4.12.4.22}{\376\377\000S\000e\000t\000D\000e\000v\000i\000a\000t\000i\000o\000n}{subsection.4.12.4}
\BOOKMARK [3][-]{subsubsection.4.12.4.23}{\376\377\000S\000e\000t\000I\000d}{subsection.4.12.4}
\BOOKMARK [3][-]{subsubsection.4.12.4.24}{\376\377\000S\000e\000t\000I\000n\000d\000i\000v\000i\000d\000u\000a\000l\000s\000V\000a\000l\000u\000e}{subsection.4.12.4}
\BOOKMARK [3][-]{subsubsection.4.12.4.25}{\376\377\000S\000e\000t\000N\000e\000w\000I\000n\000d\000i\000v\000i\000d\000u\000a\000l\000s}{subsection.4.12.4}
\BOOKMARK [3][-]{subsubsection.4.12.4.26}{\376\377\000S\000e\000t\000N\000u\000l\000l\000I\000n\000d\000i\000v\000i\000d\000u\000a\000l\000A\000t}{subsection.4.12.4}
\BOOKMARK [3][-]{subsubsection.4.12.4.27}{\376\377\000S\000e\000t\000S\000u\000m}{subsection.4.12.4}
\BOOKMARK [3][-]{subsubsection.4.12.4.28}{\376\377\000S\000o\000r\000t\000P\000o\000p\000u\000l\000a\000t\000i\000o\000n}{subsection.4.12.4}
\BOOKMARK [3][-]{subsubsection.4.12.4.29}{\376\377\000U\000p\000d\000a\000t\000e\000D\000a\000t\000a}{subsection.4.12.4}
\BOOKMARK [1][-]{section.4.13}{\376\377\000R\000e\000f\000e\000r\000\352\000n\000c\000i\000a\000\040\000d\000a\000\040\000T\000e\000m\000p\000l\000a\000t\000e\000\040\000d\000e\000\040\000E\000s\000t\000r\000u\000t\000u\000r\000a\000\040\000p\000o\000p\000u\000l\000a\000t\000i\000o\000n\000\137\000c\000o\000m\000p\000a\000r\000e\000<\000\040\000\137\000t\000y\000,\000\040\000\137\000r\000e\000a\000l\000T\000y\000\040\000>}{chapter.4}
\BOOKMARK [2][-]{subsection.4.13.1}{\376\377\000D\000e\000s\000c\000r\000i\000\347\000\343\000o\000\040\000D\000e\000t\000a\000l\000h\000a\000d\000a}{section.4.13}
\BOOKMARK [1][-]{section.4.14}{\376\377\000R\000e\000f\000e\000r\000\352\000n\000c\000i\000a\000\040\000d\000a\000\040\000T\000e\000m\000p\000l\000a\000t\000e\000\040\000d\000e\000\040\000C\000l\000a\000s\000s\000e\000\040\000p\000o\000p\000u\000l\000a\000t\000i\000o\000n\000\137\000t\000h\000r\000e\000a\000d\000<\000\040\000\137\000t\000y\000,\000\040\000\137\000r\000e\000a\000l\000T\000y\000\040\000>}{chapter.4}
\BOOKMARK [1][-]{section.4.15}{\376\377\000R\000e\000f\000e\000r\000\352\000n\000c\000i\000a\000\040\000d\000a\000\040\000T\000e\000m\000p\000l\000a\000t\000e\000\040\000d\000e\000\040\000C\000l\000a\000s\000s\000e\000\040\000s\000e\000l\000e\000c\000t\000i\000o\000n\000\137\000b\000y\000\137\000r\000o\000u\000l\000e\000t\000t\000e\000<\000\040\000\137\000t\000y\000,\000\040\000\137\000r\000e\000a\000l\000T\000y\000\040\000>}{chapter.4}
\BOOKMARK [2][-]{subsection.4.15.1}{\376\377\000D\000e\000s\000c\000r\000i\000\347\000\343\000o\000\040\000D\000e\000t\000a\000l\000h\000a\000d\000a}{section.4.15}
\BOOKMARK [2][-]{subsection.4.15.2}{\376\377\000D\000e\000f\000i\000n\000i\000\347\000\365\000e\000s\000\040\000d\000e\000\040\000T\000i\000p\000o\000s}{section.4.15}
\BOOKMARK [3][-]{subsubsection.4.15.2.1}{\376\377\000\137\000R\000o\000u\000l\000e\000t\000t\000e\000T\000y}{subsection.4.15.2}
\BOOKMARK [3][-]{subsubsection.4.15.2.2}{\376\377\000c\000o\000n\000s\000t\000\137\000i\000t\000\137}{subsection.4.15.2}
\BOOKMARK [3][-]{subsubsection.4.15.2.3}{\376\377\000i\000t\000\137}{subsection.4.15.2}
\BOOKMARK [2][-]{subsection.4.15.3}{\376\377\000C\000o\000n\000s\000t\000r\000u\000t\000o\000r\000e\000s\000\040\000\046\000\040\000D\000e\000s\000t\000r\000u\000t\000o\000r\000e\000s}{section.4.15}
\BOOKMARK [3][-]{subsubsection.4.15.3.1}{\376\377\000s\000e\000l\000e\000c\000t\000i\000o\000n\000\137\000b\000y\000\137\000r\000o\000u\000l\000e\000t\000t\000e}{subsection.4.15.3}
\BOOKMARK [2][-]{subsection.4.15.4}{\376\377\000M\000\351\000t\000o\000d\000o\000s}{section.4.15}
\BOOKMARK [3][-]{subsubsection.4.15.4.1}{\376\377\000b\000e\000g\000i\000n}{subsection.4.15.4}
\BOOKMARK [3][-]{subsubsection.4.15.4.2}{\376\377\000e\000n\000d}{subsection.4.15.4}
\BOOKMARK [3][-]{subsubsection.4.15.4.3}{\376\377\000G\000e\000n\000e\000r\000a\000t\000e\000R\000o\000u\000l\000e\000t\000t\000e}{subsection.4.15.4}
\BOOKMARK [3][-]{subsubsection.4.15.4.4}{\376\377\000G\000e\000t\000N\000a\000m\000e}{subsection.4.15.4}
\BOOKMARK [3][-]{subsubsection.4.15.4.5}{\376\377\000R\000o\000t\000a\000t\000e\000R\000o\000u\000l\000e\000t\000t\000e}{subsection.4.15.4}
\BOOKMARK [3][-]{subsubsection.4.15.4.6}{\376\377\000W\000a\000l\000k\000O\000n\000I\000n\000d\000i\000v\000i\000d\000u\000a\000l\000H\000o\000o\000k}{subsection.4.15.4}
\BOOKMARK [3][-]{subsubsection.4.15.4.7}{\376\377\000W\000a\000l\000k\000O\000n\000P\000o\000p\000u\000l\000a\000t\000i\000o\000n\000H\000o\000o\000k}{subsection.4.15.4}
\BOOKMARK [1][-]{section.4.16}{\376\377\000R\000e\000f\000e\000r\000\352\000n\000c\000i\000a\000\040\000d\000a\000\040\000T\000e\000m\000p\000l\000a\000t\000e\000\040\000d\000e\000\040\000C\000l\000a\000s\000s\000e\000\040\000s\000e\000l\000e\000c\000t\000i\000o\000n\000\137\000b\000y\000\137\000t\000o\000u\000r\000n\000a\000m\000e\000n\000t\000<\000\040\000\137\000t\000y\000,\000\040\000\137\000r\000e\000a\000l\000T\000y\000\040\000>}{chapter.4}
\BOOKMARK [2][-]{subsection.4.16.1}{\376\377\000D\000e\000s\000c\000r\000i\000\347\000\343\000o\000\040\000D\000e\000t\000a\000l\000h\000a\000d\000a}{section.4.16}
\BOOKMARK [2][-]{subsection.4.16.2}{\376\377\000D\000e\000f\000i\000n\000i\000\347\000\365\000e\000s\000\040\000d\000e\000\040\000T\000i\000p\000o\000s}{section.4.16}
\BOOKMARK [3][-]{subsubsection.4.16.2.1}{\376\377\000s\000c\000o\000p\000e\000d\000\137\000l\000o\000c\000k}{subsection.4.16.2}
\BOOKMARK [2][-]{subsection.4.16.3}{\376\377\000C\000o\000n\000s\000t\000r\000u\000t\000o\000r\000e\000s\000\040\000\046\000\040\000D\000e\000s\000t\000r\000u\000t\000o\000r\000e\000s}{section.4.16}
\BOOKMARK [3][-]{subsubsection.4.16.3.1}{\376\377\000s\000e\000l\000e\000c\000t\000i\000o\000n\000\137\000b\000y\000\137\000t\000o\000u\000r\000n\000a\000m\000e\000n\000t}{subsection.4.16.3}
\BOOKMARK [3][-]{subsubsection.4.16.3.2}{\376\377\000s\000e\000l\000e\000c\000t\000i\000o\000n\000\137\000b\000y\000\137\000t\000o\000u\000r\000n\000a\000m\000e\000n\000t}{subsection.4.16.3}
\BOOKMARK [2][-]{subsection.4.16.4}{\376\377\000M\000\351\000t\000o\000d\000o\000s}{section.4.16}
\BOOKMARK [3][-]{subsubsection.4.16.4.1}{\376\377\000C\000a\000l\000l\000S\000e\000l\000e\000c\000t}{subsection.4.16.4}
\BOOKMARK [3][-]{subsubsection.4.16.4.2}{\376\377\000R\000e\000a\000d\000y\000T\000o\000R\000e\000c\000e\000i\000v\000e}{subsection.4.16.4}
\BOOKMARK [3][-]{subsubsection.4.16.4.3}{\376\377\000S\000e\000l\000e\000c\000t}{subsection.4.16.4}
\BOOKMARK [1][-]{section.4.17}{\376\377\000R\000e\000f\000e\000r\000\352\000n\000c\000i\000a\000\040\000d\000a\000\040\000C\000l\000a\000s\000s\000e\000\040\000s\000e\000m\000a\000p\000h\000o\000r\000e}{chapter.4}
\BOOKMARK [2][-]{subsection.4.17.1}{\376\377\000D\000e\000s\000c\000r\000i\000\347\000\343\000o\000\040\000D\000e\000t\000a\000l\000h\000a\000d\000a}{section.4.17}
\BOOKMARK [2][-]{subsection.4.17.2}{\376\377\000D\000e\000f\000i\000n\000i\000\347\000\365\000e\000s\000\040\000d\000e\000\040\000T\000i\000p\000o\000s}{section.4.17}
\BOOKMARK [3][-]{subsubsection.4.17.2.1}{\376\377\000s\000c\000o\000p\000e\000d\000\137\000l\000o\000c\000k}{subsection.4.17.2}
\BOOKMARK [2][-]{subsection.4.17.3}{\376\377\000C\000o\000n\000s\000t\000r\000u\000t\000o\000r\000e\000s\000\040\000\046\000\040\000D\000e\000s\000t\000r\000u\000t\000o\000r\000e\000s}{section.4.17}
\BOOKMARK [3][-]{subsubsection.4.17.3.1}{\376\377\000s\000e\000m\000a\000p\000h\000o\000r\000e}{subsection.4.17.3}
\BOOKMARK [2][-]{subsection.4.17.4}{\376\377\000M\000\351\000t\000o\000d\000o\000s}{section.4.17}
\BOOKMARK [3][-]{subsubsection.4.17.4.1}{\376\377\000p\000o\000s\000t}{subsection.4.17.4}
\BOOKMARK [3][-]{subsubsection.4.17.4.2}{\376\377\000w\000a\000i\000t}{subsection.4.17.4}
\BOOKMARK [0][-]{chapter.5}{\376\377\000A\000r\000q\000u\000i\000v\000o\000s}{}
\BOOKMARK [1][-]{section.5.1}{\376\377\000R\000e\000f\000e\000r\000\352\000n\000c\000i\000a\000\040\000d\000o\000\040\000A\000r\000q\000u\000i\000v\000o\000\040\000c\000o\000o\000r\000d\000i\000n\000a\000t\000e\000.\000h}{chapter.5}
\BOOKMARK [2][-]{subsection.5.1.1}{\376\377\000D\000e\000s\000c\000r\000i\000\347\000\343\000o\000\040\000D\000e\000t\000a\000l\000h\000a\000d\000a}{section.5.1}
\BOOKMARK [2][-]{subsection.5.1.2}{\376\377\000F\000u\000n\000\347\000\365\000e\000s}{section.5.1}
\BOOKMARK [3][-]{subsubsection.5.1.2.1}{\376\377\000o\000p\000e\000r\000a\000t\000o\000r\000<\000<}{subsection.5.1.2}
\BOOKMARK [3][-]{subsubsection.5.1.2.2}{\376\377\000o\000p\000e\000r\000a\000t\000o\000r\000>\000>}{subsection.5.1.2}
\BOOKMARK [1][-]{section.5.2}{\376\377\000R\000e\000f\000e\000r\000\352\000n\000c\000i\000a\000\040\000d\000o\000\040\000A\000r\000q\000u\000i\000v\000o\000\040\000c\000r\000o\000s\000s\000\137\000o\000v\000e\000r\000.\000h}{chapter.5}
\BOOKMARK [2][-]{subsection.5.2.1}{\376\377\000D\000e\000s\000c\000r\000i\000\347\000\343\000o\000\040\000D\000e\000t\000a\000l\000h\000a\000d\000a}{section.5.2}
\BOOKMARK [1][-]{section.5.3}{\376\377\000R\000e\000f\000e\000r\000\352\000n\000c\000i\000a\000\040\000d\000o\000\040\000A\000r\000q\000u\000i\000v\000o\000\040\000d\000e\000f\000i\000n\000i\000t\000i\000o\000n\000s\000.\000h}{chapter.5}
\BOOKMARK [2][-]{subsection.5.3.1}{\376\377\000D\000e\000s\000c\000r\000i\000\347\000\343\000o\000\040\000D\000e\000t\000a\000l\000h\000a\000d\000a}{section.5.3}
\BOOKMARK [1][-]{section.5.4}{\376\377\000R\000e\000f\000e\000r\000\352\000n\000c\000i\000a\000\040\000d\000o\000\040\000A\000r\000q\000u\000i\000v\000o\000\040\000g\000a\000\137\000e\000x\000c\000e\000p\000t\000i\000o\000n\000.\000h}{chapter.5}
\BOOKMARK [2][-]{subsection.5.4.1}{\376\377\000D\000e\000s\000c\000r\000i\000\347\000\343\000o\000\040\000D\000e\000t\000a\000l\000h\000a\000d\000a}{section.5.4}
\BOOKMARK [1][-]{section.5.5}{\376\377\000R\000e\000f\000e\000r\000\352\000n\000c\000i\000a\000\040\000d\000o\000\040\000A\000r\000q\000u\000i\000v\000o\000\040\000g\000e\000n\000e\000t\000i\000c\000\137\000a\000l\000g\000o\000r\000i\000t\000h\000m\000.\000h}{chapter.5}
\BOOKMARK [2][-]{subsection.5.5.1}{\376\377\000D\000e\000s\000c\000r\000i\000\347\000\343\000o\000\040\000D\000e\000t\000a\000l\000h\000a\000d\000a}{section.5.5}
\BOOKMARK [1][-]{section.5.6}{\376\377\000R\000e\000f\000e\000r\000\352\000n\000c\000i\000a\000\040\000d\000o\000\040\000A\000r\000q\000u\000i\000v\000o\000\040\000g\000e\000n\000e\000t\000i\000c\000\137\000a\000l\000g\000o\000r\000i\000t\000h\000m\000\137\000t\000h\000r\000e\000a\000d\000.\000h}{chapter.5}
\BOOKMARK [2][-]{subsection.5.6.1}{\376\377\000D\000e\000s\000c\000r\000i\000\347\000\343\000o\000\040\000D\000e\000t\000a\000l\000h\000a\000d\000a}{section.5.6}
\BOOKMARK [1][-]{section.5.7}{\376\377\000R\000e\000f\000e\000r\000\352\000n\000c\000i\000a\000\040\000d\000o\000\040\000A\000r\000q\000u\000i\000v\000o\000\040\000g\000e\000n\000e\000t\000i\000c\000\137\000o\000p\000e\000r\000a\000t\000o\000r\000.\000h}{chapter.5}
\BOOKMARK [2][-]{subsection.5.7.1}{\376\377\000D\000e\000s\000c\000r\000i\000\347\000\343\000o\000\040\000D\000e\000t\000a\000l\000h\000a\000d\000a}{section.5.7}
\BOOKMARK [1][-]{section.5.8}{\376\377\000R\000e\000f\000e\000r\000\352\000n\000c\000i\000a\000\040\000d\000o\000\040\000A\000r\000q\000u\000i\000v\000o\000\040\000g\000e\000n\000e\000t\000i\000c\000\137\000o\000p\000e\000r\000a\000t\000o\000r\000\137\000t\000h\000r\000e\000a\000d\000.\000h}{chapter.5}
\BOOKMARK [2][-]{subsection.5.8.1}{\376\377\000D\000e\000s\000c\000r\000i\000\347\000\343\000o\000\040\000D\000e\000t\000a\000l\000h\000a\000d\000a}{section.5.8}
\BOOKMARK [1][-]{section.5.9}{\376\377\000R\000e\000f\000e\000r\000\352\000n\000c\000i\000a\000\040\000d\000o\000\040\000A\000r\000q\000u\000i\000v\000o\000\040\000i\000n\000d\000i\000v\000i\000d\000u\000a\000l\000.\000h}{chapter.5}
\BOOKMARK [2][-]{subsection.5.9.1}{\376\377\000D\000e\000s\000c\000r\000i\000\347\000\343\000o\000\040\000D\000e\000t\000a\000l\000h\000a\000d\000a}{section.5.9}
\BOOKMARK [2][-]{subsection.5.9.2}{\376\377\000F\000u\000n\000\347\000\365\000e\000s}{section.5.9}
\BOOKMARK [3][-]{subsubsection.5.9.2.1}{\376\377\000o\000p\000e\000r\000a\000t\000o\000r\000<\000<}{subsection.5.9.2}
\BOOKMARK [3][-]{subsubsection.5.9.2.2}{\376\377\000o\000p\000e\000r\000a\000t\000o\000r\000>\000>}{subsection.5.9.2}
\BOOKMARK [1][-]{section.5.10}{\376\377\000R\000e\000f\000e\000r\000\352\000n\000c\000i\000a\000\040\000d\000o\000\040\000A\000r\000q\000u\000i\000v\000o\000\040\000m\000u\000t\000a\000t\000e\000\137\000b\000i\000t\000\137\000b\000y\000\137\000b\000i\000t\000\137\000t\000h\000r\000e\000a\000d\000.\000h}{chapter.5}
\BOOKMARK [2][-]{subsection.5.10.1}{\376\377\000D\000e\000s\000c\000r\000i\000\347\000\343\000o\000\040\000D\000e\000t\000a\000l\000h\000a\000d\000a}{section.5.10}
\BOOKMARK [1][-]{section.5.11}{\376\377\000R\000e\000f\000e\000r\000\352\000n\000c\000i\000a\000\040\000d\000o\000\040\000A\000r\000q\000u\000i\000v\000o\000\040\000p\000o\000p\000u\000l\000a\000t\000i\000o\000n\000.\000h}{chapter.5}
\BOOKMARK [2][-]{subsection.5.11.1}{\376\377\000D\000e\000s\000c\000r\000i\000\347\000\343\000o\000\040\000D\000e\000t\000a\000l\000h\000a\000d\000a}{section.5.11}
\BOOKMARK [1][-]{section.5.12}{\376\377\000R\000e\000f\000e\000r\000\352\000n\000c\000i\000a\000\040\000d\000o\000\040\000A\000r\000q\000u\000i\000v\000o\000\040\000s\000e\000l\000e\000c\000t\000i\000o\000n\000\137\000b\000y\000\137\000r\000o\000u\000l\000e\000t\000t\000e\000.\000h}{chapter.5}
\BOOKMARK [2][-]{subsection.5.12.1}{\376\377\000D\000e\000s\000c\000r\000i\000\347\000\343\000o\000\040\000D\000e\000t\000a\000l\000h\000a\000d\000a}{section.5.12}
\BOOKMARK [1][-]{section.5.13}{\376\377\000R\000e\000f\000e\000r\000\352\000n\000c\000i\000a\000\040\000d\000o\000\040\000A\000r\000q\000u\000i\000v\000o\000\040\000s\000e\000l\000e\000c\000t\000i\000o\000n\000\137\000b\000y\000\137\000t\000o\000u\000r\000n\000a\000m\000e\000n\000t\000.\000h}{chapter.5}
\BOOKMARK [2][-]{subsection.5.13.1}{\376\377\000D\000e\000s\000c\000r\000i\000\347\000\343\000o\000\040\000D\000e\000t\000a\000l\000h\000a\000d\000a}{section.5.13}
\BOOKMARK [1][-]{section.5.14}{\376\377\000R\000e\000f\000e\000r\000\352\000n\000c\000i\000a\000\040\000d\000o\000\040\000A\000r\000q\000u\000i\000v\000o\000\040\000s\000e\000m\000a\000p\000h\000o\000r\000e\000.\000h}{chapter.5}
\BOOKMARK [2][-]{subsection.5.14.1}{\376\377\000D\000e\000s\000c\000r\000i\000\347\000\343\000o\000\040\000D\000e\000t\000a\000l\000h\000a\000d\000a}{section.5.14}
